[2025-12-29 10:26:06,356 httpx] INFO: _client : HTTP Request: GET http://127.0.0.1:7860/gradio_api/startup-events "HTTP/1.1 200 OK"
[2025-12-29 10:26:06,429 httpx] INFO: _client : HTTP Request: HEAD http://127.0.0.1:7860/ "HTTP/1.1 200 OK"
[2025-12-29 10:27:34,693 gradioapp] ERROR: main_gr : Calculation Error: name 'converter_type' is not defined
[2025-12-29 10:29:09,677 gradioapp] ERROR: main_gr : Calculation Error: name 'converter_type' is not defined
[2025-12-29 10:29:57,812 httpx] INFO: _client : HTTP Request: GET http://127.0.0.1:7860/gradio_api/startup-events "HTTP/1.1 200 OK"
[2025-12-29 10:29:57,863 httpx] INFO: _client : HTTP Request: HEAD http://127.0.0.1:7860/ "HTTP/1.1 200 OK"
[2025-12-29 10:45:52,867 httpx] INFO: _client : HTTP Request: GET http://127.0.0.1:7860/gradio_api/startup-events "HTTP/1.1 200 OK"
[2025-12-29 10:45:52,897 httpx] INFO: _client : HTTP Request: HEAD http://127.0.0.1:7860/ "HTTP/1.1 200 OK"
[2025-12-29 10:48:44,598 httpx] INFO: _client : HTTP Request: GET http://127.0.0.1:7860/gradio_api/startup-events "HTTP/1.1 200 OK"
[2025-12-29 10:48:44,625 httpx] INFO: _client : HTTP Request: HEAD http://127.0.0.1:7860/ "HTTP/1.1 200 OK"
[2025-12-29 10:56:21,142 httpx] INFO: _client : HTTP Request: GET http://127.0.0.1:7860/gradio_api/startup-events "HTTP/1.1 200 OK"
[2025-12-29 10:56:21,175 httpx] INFO: _client : HTTP Request: HEAD http://127.0.0.1:7860/ "HTTP/1.1 200 OK"
[2025-12-29 11:13:02,188 httpx] INFO: _client : HTTP Request: GET http://127.0.0.1:7860/gradio_api/startup-events "HTTP/1.1 200 OK"
[2025-12-29 11:13:02,231 httpx] INFO: _client : HTTP Request: HEAD http://127.0.0.1:7860/ "HTTP/1.1 200 OK"
[2025-12-29 11:14:17,703 httpx] INFO: _client : HTTP Request: GET http://127.0.0.1:7860/gradio_api/startup-events "HTTP/1.1 200 OK"
[2025-12-29 11:14:17,742 httpx] INFO: _client : HTTP Request: HEAD http://127.0.0.1:7860/ "HTTP/1.1 200 OK"
[2025-12-29 11:22:30,234 httpx] INFO: _client : HTTP Request: GET http://127.0.0.1:7860/gradio_api/startup-events "HTTP/1.1 200 OK"
[2025-12-29 11:22:30,273 httpx] INFO: _client : HTTP Request: HEAD http://127.0.0.1:7860/ "HTTP/1.1 200 OK"
[2025-12-29 12:25:56,838 httpx] INFO: _client : HTTP Request: GET http://127.0.0.1:7861/gradio_api/startup-events "HTTP/1.1 200 OK"
[2025-12-29 12:25:56,871 httpx] INFO: _client : HTTP Request: HEAD http://127.0.0.1:7861/ "HTTP/1.1 200 OK"
[2025-12-29 12:37:29,851 httpx] INFO: _client : HTTP Request: GET http://127.0.0.1:7861/gradio_api/startup-events "HTTP/1.1 200 OK"
[2025-12-29 12:37:29,889 httpx] INFO: _client : HTTP Request: HEAD http://127.0.0.1:7861/ "HTTP/1.1 200 OK"
[2025-12-29 12:52:38,076 httpx] INFO: _client : HTTP Request: GET http://127.0.0.1:7860/gradio_api/startup-events "HTTP/1.1 200 OK"
[2025-12-29 12:52:38,129 httpx] INFO: _client : HTTP Request: HEAD http://127.0.0.1:7860/ "HTTP/1.1 200 OK"
[2025-12-29 12:59:03,307 gradioapp] ERROR: <string> : Calculation Error: unsupported operand type(s) for /: 'int' and 'NoneType'
[2025-12-29 14:19:50,680 httpx] INFO: _client : HTTP Request: GET http://127.0.0.1:7860/gradio_api/startup-events "HTTP/1.1 200 OK"
[2025-12-29 14:19:50,754 httpx] INFO: _client : HTTP Request: HEAD http://127.0.0.1:7860/ "HTTP/1.1 200 OK"
[2025-12-29 14:19:51,486 httpx] INFO: _client : HTTP Request: GET https://api.gradio.app/pkg-version "HTTP/1.1 200 OK"
[2025-12-29 14:19:54,715 httpx] INFO: _client : HTTP Request: GET https://api.gradio.app/pkg-version "HTTP/1.1 200 OK"
[2025-12-29 14:23:18,023 httpx] INFO: _client : HTTP Request: GET https://api.gradio.app/pkg-version "HTTP/1.1 200 OK"
[2025-12-29 14:23:20,751 httpx] INFO: _client : HTTP Request: GET https://api.gradio.app/pkg-version "HTTP/1.1 200 OK"
[2025-12-29 14:23:29,285 httpx] INFO: _client : HTTP Request: GET https://api.gradio.app/pkg-version "HTTP/1.1 200 OK"
[2025-12-29 14:24:05,641 httpx] INFO: _client : HTTP Request: GET https://api.gradio.app/pkg-version "HTTP/1.1 200 OK"
[2025-12-29 14:24:09,601 httpx] INFO: _client : HTTP Request: GET https://api.gradio.app/pkg-version "HTTP/1.1 200 OK"
[2025-12-29 14:24:12,258 httpx] INFO: _client : HTTP Request: GET https://api.gradio.app/pkg-version "HTTP/1.1 200 OK"
[2025-12-29 14:24:27,869 httpx] INFO: _client : HTTP Request: GET https://api.gradio.app/pkg-version "HTTP/1.1 200 OK"
[2025-12-29 14:24:30,344 httpx] INFO: _client : HTTP Request: GET https://api.gradio.app/pkg-version "HTTP/1.1 200 OK"
[2025-12-29 14:24:33,806 httpx] INFO: _client : HTTP Request: GET https://api.gradio.app/pkg-version "HTTP/1.1 200 OK"
[2025-12-29 14:24:36,468 httpx] INFO: _client : HTTP Request: GET https://api.gradio.app/pkg-version "HTTP/1.1 200 OK"
[2025-12-29 14:24:38,209 httpx] INFO: _client : HTTP Request: GET https://api.gradio.app/pkg-version "HTTP/1.1 200 OK"
[2025-12-29 14:25:43,769 httpx] INFO: _client : HTTP Request: GET https://api.gradio.app/pkg-version "HTTP/1.1 200 OK"
[2025-12-29 14:25:48,516 httpx] INFO: _client : HTTP Request: GET https://api.gradio.app/pkg-version "HTTP/1.1 200 OK"
[2025-12-29 14:26:23,477 httpx] INFO: _client : HTTP Request: GET https://api.gradio.app/pkg-version "HTTP/1.1 200 OK"
[2025-12-29 14:26:33,633 httpx] INFO: _client : HTTP Request: GET https://api.gradio.app/pkg-version "HTTP/1.1 200 OK"
[2025-12-29 14:26:40,838 httpx] INFO: _client : HTTP Request: GET https://api.gradio.app/pkg-version "HTTP/1.1 200 OK"
[2025-12-29 14:27:15,369 httpx] INFO: _client : HTTP Request: GET https://api.gradio.app/pkg-version "HTTP/1.1 200 OK"
[2025-12-29 14:27:18,981 httpx] INFO: _client : HTTP Request: GET https://api.gradio.app/pkg-version "HTTP/1.1 200 OK"
[2025-12-29 14:27:22,563 httpx] INFO: _client : HTTP Request: GET https://api.gradio.app/pkg-version "HTTP/1.1 200 OK"
[2025-12-29 14:27:50,858 httpx] INFO: _client : HTTP Request: GET https://api.gradio.app/pkg-version "HTTP/1.1 200 OK"
[2025-12-29 14:27:54,367 httpx] INFO: _client : HTTP Request: GET https://api.gradio.app/pkg-version "HTTP/1.1 200 OK"
[2025-12-29 14:28:06,699 httpx] INFO: _client : HTTP Request: GET https://api.gradio.app/pkg-version "HTTP/1.1 200 OK"
[2025-12-29 14:28:17,830 httpx] INFO: _client : HTTP Request: GET https://api.gradio.app/pkg-version "HTTP/1.1 200 OK"
[2025-12-29 14:28:36,898 httpx] INFO: _client : HTTP Request: GET https://api.gradio.app/pkg-version "HTTP/1.1 200 OK"
[2025-12-29 14:29:35,278 httpx] INFO: _client : HTTP Request: GET https://api.gradio.app/pkg-version "HTTP/1.1 200 OK"
[2025-12-29 14:29:38,349 httpx] INFO: _client : HTTP Request: GET https://api.gradio.app/pkg-version "HTTP/1.1 200 OK"
[2025-12-29 14:29:41,650 httpx] INFO: _client : HTTP Request: GET https://api.gradio.app/pkg-version "HTTP/1.1 200 OK"
[2025-12-29 14:29:44,012 httpx] INFO: _client : HTTP Request: GET https://api.gradio.app/pkg-version "HTTP/1.1 200 OK"
[2025-12-29 14:29:47,075 httpx] INFO: _client : HTTP Request: GET https://api.gradio.app/pkg-version "HTTP/1.1 200 OK"
[2025-12-29 14:29:49,830 httpx] INFO: _client : HTTP Request: GET https://api.gradio.app/pkg-version "HTTP/1.1 200 OK"
[2025-12-29 14:30:07,942 httpx] INFO: _client : HTTP Request: GET https://api.gradio.app/pkg-version "HTTP/1.1 200 OK"
[2025-12-29 14:30:16,836 httpx] INFO: _client : HTTP Request: GET https://api.gradio.app/pkg-version "HTTP/1.1 200 OK"
[2025-12-29 14:30:21,577 httpx] INFO: _client : HTTP Request: GET https://api.gradio.app/pkg-version "HTTP/1.1 200 OK"
[2025-12-29 14:30:24,186 httpx] INFO: _client : HTTP Request: GET https://api.gradio.app/pkg-version "HTTP/1.1 200 OK"
[2025-12-29 14:30:34,720 httpx] INFO: _client : HTTP Request: GET https://api.gradio.app/pkg-version "HTTP/1.1 200 OK"
[2025-12-29 14:30:37,481 httpx] INFO: _client : HTTP Request: GET https://api.gradio.app/pkg-version "HTTP/1.1 200 OK"
[2025-12-29 14:31:02,245 httpx] INFO: _client : HTTP Request: GET https://api.gradio.app/pkg-version "HTTP/1.1 200 OK"
[2025-12-29 14:31:05,060 httpx] INFO: _client : HTTP Request: GET https://api.gradio.app/pkg-version "HTTP/1.1 200 OK"
[2025-12-29 14:31:17,270 httpx] INFO: _client : HTTP Request: GET https://api.gradio.app/pkg-version "HTTP/1.1 200 OK"
[2025-12-29 14:31:20,971 httpx] INFO: _client : HTTP Request: GET https://api.gradio.app/pkg-version "HTTP/1.1 200 OK"
[2025-12-29 14:31:24,708 httpx] INFO: _client : HTTP Request: GET https://api.gradio.app/pkg-version "HTTP/1.1 200 OK"
[2025-12-29 14:31:29,272 httpx] INFO: _client : HTTP Request: GET https://api.gradio.app/pkg-version "HTTP/1.1 200 OK"
[2025-12-29 14:33:51,979 httpx] INFO: _client : HTTP Request: GET https://api.gradio.app/pkg-version "HTTP/1.1 200 OK"
[2025-12-29 14:33:57,921 httpx] INFO: _client : HTTP Request: GET https://api.gradio.app/pkg-version "HTTP/1.1 200 OK"
[2025-12-29 14:34:47,151 httpx] INFO: _client : HTTP Request: GET https://api.gradio.app/pkg-version "HTTP/1.1 200 OK"
[2025-12-29 14:34:53,274 httpx] INFO: _client : HTTP Request: GET https://api.gradio.app/pkg-version "HTTP/1.1 200 OK"
[2025-12-29 14:35:37,474 httpx] INFO: _client : HTTP Request: GET https://api.gradio.app/pkg-version "HTTP/1.1 200 OK"
[2025-12-29 14:35:41,990 httpx] INFO: _client : HTTP Request: GET https://api.gradio.app/pkg-version "HTTP/1.1 200 OK"
[2025-12-29 14:36:04,918 httpx] INFO: _client : HTTP Request: GET https://api.gradio.app/pkg-version "HTTP/1.1 200 OK"
[2025-12-29 14:36:22,944 httpx] INFO: _client : HTTP Request: GET https://api.gradio.app/pkg-version "HTTP/1.1 200 OK"
[2025-12-29 14:36:28,438 httpx] INFO: _client : HTTP Request: GET https://api.gradio.app/pkg-version "HTTP/1.1 200 OK"
[2025-12-29 14:36:49,360 httpx] INFO: _client : HTTP Request: GET https://api.gradio.app/pkg-version "HTTP/1.1 200 OK"
[2025-12-29 14:36:58,787 httpx] INFO: _client : HTTP Request: GET https://api.gradio.app/pkg-version "HTTP/1.1 200 OK"
[2025-12-29 14:37:23,893 httpx] INFO: _client : HTTP Request: GET https://api.gradio.app/pkg-version "HTTP/1.1 200 OK"
[2025-12-29 14:37:47,467 httpx] INFO: _client : HTTP Request: GET https://api.gradio.app/pkg-version "HTTP/1.1 200 OK"
[2025-12-29 14:37:49,677 httpx] INFO: _client : HTTP Request: GET https://api.gradio.app/pkg-version "HTTP/1.1 200 OK"
[2025-12-29 14:37:53,157 httpx] INFO: _client : HTTP Request: GET https://api.gradio.app/pkg-version "HTTP/1.1 200 OK"
[2025-12-29 14:38:09,902 httpx] INFO: _client : HTTP Request: GET https://api.gradio.app/pkg-version "HTTP/1.1 200 OK"
[2025-12-29 14:39:23,682 httpx] INFO: _client : HTTP Request: GET https://api.gradio.app/pkg-version "HTTP/1.1 200 OK"
[2025-12-29 14:40:02,935 httpx] INFO: _client : HTTP Request: GET https://api.gradio.app/pkg-version "HTTP/1.1 200 OK"
[2025-12-29 14:40:05,594 httpx] INFO: _client : HTTP Request: GET https://api.gradio.app/pkg-version "HTTP/1.1 200 OK"
[2025-12-29 14:42:26,802 httpx] INFO: _client : HTTP Request: GET https://api.gradio.app/pkg-version "HTTP/1.1 200 OK"
[2025-12-29 14:42:30,104 httpx] INFO: _client : HTTP Request: GET https://api.gradio.app/pkg-version "HTTP/1.1 200 OK"
[2025-12-29 14:42:32,279 httpx] INFO: _client : HTTP Request: GET https://api.gradio.app/pkg-version "HTTP/1.1 200 OK"
[2025-12-29 14:42:35,898 httpx] INFO: _client : HTTP Request: GET https://api.gradio.app/pkg-version "HTTP/1.1 200 OK"
[2025-12-29 14:42:40,501 httpx] INFO: _client : HTTP Request: GET https://api.gradio.app/pkg-version "HTTP/1.1 200 OK"
[2025-12-29 14:42:44,186 httpx] INFO: _client : HTTP Request: GET https://api.gradio.app/pkg-version "HTTP/1.1 200 OK"
[2025-12-29 14:42:47,262 httpx] INFO: _client : HTTP Request: GET https://api.gradio.app/pkg-version "HTTP/1.1 200 OK"
[2025-12-29 14:42:50,433 httpx] INFO: _client : HTTP Request: GET https://api.gradio.app/pkg-version "HTTP/1.1 200 OK"
[2025-12-29 14:42:52,687 httpx] INFO: _client : HTTP Request: GET https://api.gradio.app/pkg-version "HTTP/1.1 200 OK"
[2025-12-29 14:42:56,221 httpx] INFO: _client : HTTP Request: GET https://api.gradio.app/pkg-version "HTTP/1.1 200 OK"
[2025-12-29 14:42:58,741 httpx] INFO: _client : HTTP Request: GET https://api.gradio.app/pkg-version "HTTP/1.1 200 OK"
[2025-12-29 14:43:01,185 httpx] INFO: _client : HTTP Request: GET https://api.gradio.app/pkg-version "HTTP/1.1 200 OK"
[2025-12-29 14:43:03,541 httpx] INFO: _client : HTTP Request: GET https://api.gradio.app/pkg-version "HTTP/1.1 200 OK"
[2025-12-29 14:43:06,306 httpx] INFO: _client : HTTP Request: GET https://api.gradio.app/pkg-version "HTTP/1.1 200 OK"
[2025-12-29 14:43:17,384 httpx] INFO: _client : HTTP Request: GET https://api.gradio.app/pkg-version "HTTP/1.1 200 OK"
[2025-12-29 14:43:19,272 httpx] INFO: _client : HTTP Request: GET https://api.gradio.app/pkg-version "HTTP/1.1 200 OK"
[2025-12-29 14:43:31,574 httpx] INFO: _client : HTTP Request: GET https://api.gradio.app/pkg-version "HTTP/1.1 200 OK"
[2025-12-29 14:43:38,665 httpx] INFO: _client : HTTP Request: GET https://api.gradio.app/pkg-version "HTTP/1.1 200 OK"
[2025-12-29 14:45:06,387 httpx] INFO: _client : HTTP Request: GET https://api.gradio.app/pkg-version "HTTP/1.1 200 OK"
[2025-12-29 14:45:10,169 httpx] INFO: _client : HTTP Request: GET https://api.gradio.app/pkg-version "HTTP/1.1 200 OK"
[2025-12-29 14:45:27,505 httpx] INFO: _client : HTTP Request: GET https://api.gradio.app/pkg-version "HTTP/1.1 200 OK"
[2025-12-29 14:45:34,687 httpx] INFO: _client : HTTP Request: GET https://api.gradio.app/pkg-version "HTTP/1.1 200 OK"
[2025-12-29 14:45:35,609 httpx] INFO: _client : HTTP Request: GET https://api.gradio.app/pkg-version "HTTP/1.1 200 OK"
[2025-12-29 14:45:41,772 httpx] INFO: _client : HTTP Request: GET https://api.gradio.app/pkg-version "HTTP/1.1 200 OK"
[2025-12-29 14:46:02,000 httpx] INFO: _client : HTTP Request: GET https://api.gradio.app/pkg-version "HTTP/1.1 200 OK"
[2025-12-29 14:46:06,392 httpx] INFO: _client : HTTP Request: GET https://api.gradio.app/pkg-version "HTTP/1.1 200 OK"
[2025-12-29 14:46:25,621 httpx] INFO: _client : HTTP Request: GET https://api.gradio.app/pkg-version "HTTP/1.1 200 OK"
[2025-12-29 14:46:38,942 httpx] INFO: _client : HTTP Request: GET https://api.gradio.app/pkg-version "HTTP/1.1 200 OK"
[2025-12-29 14:47:25,771 httpx] INFO: _client : HTTP Request: GET https://api.gradio.app/pkg-version "HTTP/1.1 200 OK"
[2025-12-29 14:47:31,998 httpx] INFO: _client : HTTP Request: GET https://api.gradio.app/pkg-version "HTTP/1.1 200 OK"
[2025-12-29 14:48:19,003 httpx] INFO: _client : HTTP Request: GET https://api.gradio.app/pkg-version "HTTP/1.1 200 OK"
[2025-12-29 14:48:32,426 httpx] INFO: _client : HTTP Request: GET https://api.gradio.app/pkg-version "HTTP/1.1 200 OK"
[2025-12-29 14:48:33,986 httpx] INFO: _client : HTTP Request: GET https://api.gradio.app/pkg-version "HTTP/1.1 200 OK"
[2025-12-29 14:49:38,657 httpx] INFO: _client : HTTP Request: GET https://api.gradio.app/pkg-version "HTTP/1.1 200 OK"
[2025-12-29 14:49:43,188 httpx] INFO: _client : HTTP Request: GET https://api.gradio.app/pkg-version "HTTP/1.1 200 OK"
[2025-12-29 14:53:35,362 httpx] INFO: _client : HTTP Request: GET https://api.gradio.app/pkg-version "HTTP/1.1 200 OK"
[2025-12-29 14:53:53,850 httpx] INFO: _client : HTTP Request: GET https://api.gradio.app/pkg-version "HTTP/1.1 200 OK"
[2025-12-29 14:54:02,661 httpx] INFO: _client : HTTP Request: GET https://api.gradio.app/pkg-version "HTTP/1.1 200 OK"
[2025-12-29 14:54:05,443 httpx] INFO: _client : HTTP Request: GET https://api.gradio.app/pkg-version "HTTP/1.1 200 OK"
[2025-12-29 14:54:27,852 httpx] INFO: _client : HTTP Request: GET https://api.gradio.app/pkg-version "HTTP/1.1 200 OK"
[2025-12-29 14:54:35,368 httpx] INFO: _client : HTTP Request: GET https://api.gradio.app/pkg-version "HTTP/1.1 200 OK"
[2025-12-29 14:55:17,444 httpx] INFO: _client : HTTP Request: GET https://api.gradio.app/pkg-version "HTTP/1.1 200 OK"
[2025-12-29 14:55:23,369 httpx] INFO: _client : HTTP Request: GET https://api.gradio.app/pkg-version "HTTP/1.1 200 OK"
[2025-12-29 14:56:46,414 httpx] INFO: _client : HTTP Request: GET https://api.gradio.app/pkg-version "HTTP/1.1 200 OK"
[2025-12-29 14:56:49,976 httpx] INFO: _client : HTTP Request: GET https://api.gradio.app/pkg-version "HTTP/1.1 200 OK"
[2025-12-29 14:56:56,551 httpx] INFO: _client : HTTP Request: GET https://api.gradio.app/pkg-version "HTTP/1.1 200 OK"
[2025-12-29 14:58:36,596 httpx] INFO: _client : HTTP Request: GET https://api.gradio.app/pkg-version "HTTP/1.1 200 OK"
[2025-12-29 14:59:53,027 gradioapp] ERROR: <string> : Calculation Error: float() argument must be a string or a real number, not 'NoneType'
[2025-12-29 15:03:24,441 httpx] INFO: _client : HTTP Request: GET https://api.gradio.app/pkg-version "HTTP/1.1 200 OK"
[2025-12-29 15:03:31,084 httpx] INFO: _client : HTTP Request: GET https://api.gradio.app/pkg-version "HTTP/1.1 200 OK"
[2025-12-29 15:03:33,556 httpx] INFO: _client : HTTP Request: GET https://api.gradio.app/pkg-version "HTTP/1.1 200 OK"
[2025-12-29 15:03:40,175 httpx] INFO: _client : HTTP Request: GET https://api.gradio.app/pkg-version "HTTP/1.1 200 OK"
[2025-12-29 15:03:43,521 httpx] INFO: _client : HTTP Request: GET https://api.gradio.app/pkg-version "HTTP/1.1 200 OK"
[2025-12-29 15:03:46,831 httpx] INFO: _client : HTTP Request: GET https://api.gradio.app/pkg-version "HTTP/1.1 200 OK"
[2025-12-29 15:03:55,224 httpx] INFO: _client : HTTP Request: GET https://api.gradio.app/pkg-version "HTTP/1.1 200 OK"
[2025-12-29 15:04:10,171 httpx] INFO: _client : HTTP Request: GET https://api.gradio.app/pkg-version "HTTP/1.1 200 OK"
[2025-12-29 15:04:13,175 httpx] INFO: _client : HTTP Request: GET https://api.gradio.app/pkg-version "HTTP/1.1 200 OK"
[2025-12-29 15:04:18,428 httpx] INFO: _client : HTTP Request: GET https://api.gradio.app/pkg-version "HTTP/1.1 200 OK"
[2025-12-29 15:04:32,514 httpx] INFO: _client : HTTP Request: GET https://api.gradio.app/pkg-version "HTTP/1.1 200 OK"
[2025-12-29 15:06:12,177 httpx] INFO: _client : HTTP Request: GET https://api.gradio.app/pkg-version "HTTP/1.1 200 OK"
[2025-12-29 15:06:27,962 httpx] INFO: _client : HTTP Request: GET https://api.gradio.app/pkg-version "HTTP/1.1 200 OK"
[2025-12-29 15:06:45,469 httpx] INFO: _client : HTTP Request: GET https://api.gradio.app/pkg-version "HTTP/1.1 200 OK"
[2025-12-29 15:07:26,143 httpx] INFO: _client : HTTP Request: GET https://api.gradio.app/pkg-version "HTTP/1.1 200 OK"
[2025-12-29 15:07:42,773 httpx] INFO: _client : HTTP Request: GET https://api.gradio.app/pkg-version "HTTP/1.1 200 OK"
[2025-12-29 15:07:55,676 httpx] INFO: _client : HTTP Request: GET https://api.gradio.app/pkg-version "HTTP/1.1 200 OK"
[2025-12-29 15:07:59,901 httpx] INFO: _client : HTTP Request: GET https://api.gradio.app/pkg-version "HTTP/1.1 200 OK"
[2025-12-29 15:08:17,718 httpx] INFO: _client : HTTP Request: GET https://api.gradio.app/pkg-version "HTTP/1.1 200 OK"
[2025-12-29 15:08:28,164 httpx] INFO: _client : HTTP Request: GET https://api.gradio.app/pkg-version "HTTP/1.1 200 OK"
[2025-12-29 15:08:39,585 httpx] INFO: _client : HTTP Request: GET https://api.gradio.app/pkg-version "HTTP/1.1 200 OK"
[2025-12-29 15:08:55,573 httpx] INFO: _client : HTTP Request: GET https://api.gradio.app/pkg-version "HTTP/1.1 200 OK"
[2025-12-29 15:09:09,637 httpx] INFO: _client : HTTP Request: GET https://api.gradio.app/pkg-version "HTTP/1.1 200 OK"
[2025-12-29 15:09:49,881 httpx] INFO: _client : HTTP Request: GET https://api.gradio.app/pkg-version "HTTP/1.1 200 OK"
[2025-12-29 15:09:52,109 httpx] INFO: _client : HTTP Request: GET https://api.gradio.app/pkg-version "HTTP/1.1 200 OK"
[2025-12-29 15:10:04,285 httpx] INFO: _client : HTTP Request: GET https://api.gradio.app/pkg-version "HTTP/1.1 200 OK"
[2025-12-29 15:10:20,024 httpx] INFO: _client : HTTP Request: GET https://api.gradio.app/pkg-version "HTTP/1.1 200 OK"
[2025-12-29 15:10:30,312 httpx] INFO: _client : HTTP Request: GET https://api.gradio.app/pkg-version "HTTP/1.1 200 OK"
[2025-12-29 15:10:39,879 httpx] INFO: _client : HTTP Request: GET https://api.gradio.app/pkg-version "HTTP/1.1 200 OK"
[2025-12-29 15:10:46,258 httpx] INFO: _client : HTTP Request: GET https://api.gradio.app/pkg-version "HTTP/1.1 200 OK"
[2025-12-29 15:11:12,621 httpx] INFO: _client : HTTP Request: GET https://api.gradio.app/pkg-version "HTTP/1.1 200 OK"
[2025-12-29 15:11:18,661 httpx] INFO: _client : HTTP Request: GET https://api.gradio.app/pkg-version "HTTP/1.1 200 OK"
[2025-12-29 15:11:50,103 httpx] INFO: _client : HTTP Request: GET https://api.gradio.app/pkg-version "HTTP/1.1 200 OK"
[2025-12-29 15:11:55,275 httpx] INFO: _client : HTTP Request: GET https://api.gradio.app/pkg-version "HTTP/1.1 200 OK"
[2025-12-29 15:14:40,550 httpx] INFO: _client : HTTP Request: GET https://api.gradio.app/pkg-version "HTTP/1.1 200 OK"
[2025-12-29 15:14:43,834 httpx] INFO: _client : HTTP Request: GET https://api.gradio.app/pkg-version "HTTP/1.1 200 OK"
[2025-12-29 15:17:23,765 httpx] INFO: _client : HTTP Request: GET https://api.gradio.app/pkg-version "HTTP/1.1 200 OK"
[2025-12-29 15:17:39,217 httpx] INFO: _client : HTTP Request: GET https://api.gradio.app/pkg-version "HTTP/1.1 200 OK"
[2025-12-29 15:17:46,249 httpx] INFO: _client : HTTP Request: GET https://api.gradio.app/pkg-version "HTTP/1.1 200 OK"
[2025-12-29 15:17:50,120 httpx] INFO: _client : HTTP Request: GET https://api.gradio.app/pkg-version "HTTP/1.1 200 OK"
[2025-12-29 15:18:44,621 httpx] INFO: _client : HTTP Request: GET https://api.gradio.app/pkg-version "HTTP/1.1 200 OK"
[2025-12-29 15:18:57,103 httpx] INFO: _client : HTTP Request: GET https://api.gradio.app/pkg-version "HTTP/1.1 200 OK"
[2025-12-29 15:19:25,350 httpx] INFO: _client : HTTP Request: GET https://api.gradio.app/pkg-version "HTTP/1.1 200 OK"
[2025-12-29 15:19:30,190 httpx] INFO: _client : HTTP Request: GET https://api.gradio.app/pkg-version "HTTP/1.1 200 OK"
[2025-12-29 15:20:12,584 httpx] INFO: _client : HTTP Request: GET https://api.gradio.app/pkg-version "HTTP/1.1 200 OK"
[2025-12-29 15:20:35,185 httpx] INFO: _client : HTTP Request: GET https://api.gradio.app/pkg-version "HTTP/1.1 200 OK"
[2025-12-29 15:20:41,099 httpx] INFO: _client : HTTP Request: GET https://api.gradio.app/pkg-version "HTTP/1.1 200 OK"
[2025-12-29 15:20:56,682 httpx] INFO: _client : HTTP Request: GET https://api.gradio.app/pkg-version "HTTP/1.1 200 OK"
[2025-12-29 15:21:16,073 httpx] INFO: _client : HTTP Request: GET https://api.gradio.app/pkg-version "HTTP/1.1 200 OK"
[2025-12-29 15:21:57,341 httpx] INFO: _client : HTTP Request: GET https://api.gradio.app/pkg-version "HTTP/1.1 200 OK"
[2025-12-29 15:22:03,483 httpx] INFO: _client : HTTP Request: GET https://api.gradio.app/pkg-version "HTTP/1.1 200 OK"
[2025-12-29 15:22:24,279 httpx] INFO: _client : HTTP Request: GET https://api.gradio.app/pkg-version "HTTP/1.1 200 OK"
[2025-12-29 15:22:36,532 httpx] INFO: _client : HTTP Request: GET https://api.gradio.app/pkg-version "HTTP/1.1 200 OK"
[2025-12-29 15:22:41,142 httpx] INFO: _client : HTTP Request: GET https://api.gradio.app/pkg-version "HTTP/1.1 200 OK"
[2025-12-29 15:22:49,306 httpx] INFO: _client : HTTP Request: GET https://api.gradio.app/pkg-version "HTTP/1.1 200 OK"
[2025-12-29 15:22:57,357 httpx] INFO: _client : HTTP Request: GET https://api.gradio.app/pkg-version "HTTP/1.1 200 OK"
[2025-12-29 15:23:00,370 httpx] INFO: _client : HTTP Request: GET https://api.gradio.app/pkg-version "HTTP/1.1 200 OK"
[2025-12-29 15:23:02,933 httpx] INFO: _client : HTTP Request: GET https://api.gradio.app/pkg-version "HTTP/1.1 200 OK"
[2025-12-29 15:23:51,034 httpx] INFO: _client : HTTP Request: GET https://api.gradio.app/pkg-version "HTTP/1.1 200 OK"
[2025-12-29 15:23:54,658 httpx] INFO: _client : HTTP Request: GET https://api.gradio.app/pkg-version "HTTP/1.1 200 OK"
[2025-12-29 15:24:01,768 httpx] INFO: _client : HTTP Request: GET https://api.gradio.app/pkg-version "HTTP/1.1 200 OK"
[2025-12-29 15:24:16,048 httpx] INFO: _client : HTTP Request: GET https://api.gradio.app/pkg-version "HTTP/1.1 200 OK"
[2025-12-29 15:24:18,465 httpx] INFO: _client : HTTP Request: GET https://api.gradio.app/pkg-version "HTTP/1.1 200 OK"
[2025-12-29 15:24:26,799 httpx] INFO: _client : HTTP Request: GET https://api.gradio.app/pkg-version "HTTP/1.1 200 OK"
[2025-12-29 15:24:29,912 httpx] INFO: _client : HTTP Request: GET https://api.gradio.app/pkg-version "HTTP/1.1 200 OK"
[2025-12-29 15:24:41,600 httpx] INFO: _client : HTTP Request: GET https://api.gradio.app/pkg-version "HTTP/1.1 200 OK"
[2025-12-29 15:25:03,522 httpx] INFO: _client : HTTP Request: GET https://api.gradio.app/pkg-version "HTTP/1.1 200 OK"
[2025-12-29 15:25:06,446 httpx] INFO: _client : HTTP Request: GET https://api.gradio.app/pkg-version "HTTP/1.1 200 OK"
[2025-12-29 15:25:12,366 httpx] INFO: _client : HTTP Request: GET https://api.gradio.app/pkg-version "HTTP/1.1 200 OK"
[2025-12-29 15:25:14,294 httpx] INFO: _client : HTTP Request: GET https://api.gradio.app/pkg-version "HTTP/1.1 200 OK"
[2025-12-29 15:25:38,363 httpx] INFO: _client : HTTP Request: GET https://api.gradio.app/pkg-version "HTTP/1.1 200 OK"
[2025-12-29 15:25:41,385 httpx] INFO: _client : HTTP Request: GET https://api.gradio.app/pkg-version "HTTP/1.1 200 OK"
[2025-12-29 15:25:43,435 httpx] INFO: _client : HTTP Request: GET https://api.gradio.app/pkg-version "HTTP/1.1 200 OK"
[2025-12-29 15:25:46,147 httpx] INFO: _client : HTTP Request: GET https://api.gradio.app/pkg-version "HTTP/1.1 200 OK"
[2025-12-29 15:25:49,930 httpx] INFO: _client : HTTP Request: GET https://api.gradio.app/pkg-version "HTTP/1.1 200 OK"
[2025-12-29 15:25:52,445 httpx] INFO: _client : HTTP Request: GET https://api.gradio.app/pkg-version "HTTP/1.1 200 OK"
[2025-12-29 15:26:05,789 httpx] INFO: _client : HTTP Request: GET https://api.gradio.app/pkg-version "HTTP/1.1 200 OK"
[2025-12-29 15:26:20,502 httpx] INFO: _client : HTTP Request: GET https://api.gradio.app/pkg-version "HTTP/1.1 200 OK"
[2025-12-29 15:26:30,453 httpx] INFO: _client : HTTP Request: GET https://api.gradio.app/pkg-version "HTTP/1.1 200 OK"
[2025-12-29 15:26:33,216 httpx] INFO: _client : HTTP Request: GET https://api.gradio.app/pkg-version "HTTP/1.1 200 OK"
[2025-12-29 15:26:36,569 httpx] INFO: _client : HTTP Request: GET https://api.gradio.app/pkg-version "HTTP/1.1 200 OK"
[2025-12-29 15:26:38,986 httpx] INFO: _client : HTTP Request: GET https://api.gradio.app/pkg-version "HTTP/1.1 200 OK"
[2025-12-29 15:26:51,528 httpx] INFO: _client : HTTP Request: GET https://api.gradio.app/pkg-version "HTTP/1.1 200 OK"
[2025-12-29 15:27:00,907 httpx] INFO: _client : HTTP Request: GET https://api.gradio.app/pkg-version "HTTP/1.1 200 OK"
[2025-12-29 15:27:22,291 httpx] INFO: _client : HTTP Request: GET https://api.gradio.app/pkg-version "HTTP/1.1 200 OK"
[2025-12-29 15:27:36,544 httpx] INFO: _client : HTTP Request: GET https://api.gradio.app/pkg-version "HTTP/1.1 200 OK"
[2025-12-29 15:27:39,350 httpx] INFO: _client : HTTP Request: GET https://api.gradio.app/pkg-version "HTTP/1.1 200 OK"
[2025-12-29 15:28:29,301 httpx] INFO: _client : HTTP Request: GET https://api.gradio.app/pkg-version "HTTP/1.1 200 OK"
[2025-12-29 15:28:36,844 httpx] INFO: _client : HTTP Request: GET https://api.gradio.app/pkg-version "HTTP/1.1 200 OK"
[2025-12-29 15:28:42,797 httpx] INFO: _client : HTTP Request: GET https://api.gradio.app/pkg-version "HTTP/1.1 200 OK"
[2025-12-29 15:30:28,938 httpx] INFO: _client : HTTP Request: GET https://api.gradio.app/pkg-version "HTTP/1.1 200 OK"
[2025-12-29 15:30:32,324 httpx] INFO: _client : HTTP Request: GET https://api.gradio.app/pkg-version "HTTP/1.1 200 OK"
[2025-12-29 15:30:41,265 httpx] INFO: _client : HTTP Request: GET https://api.gradio.app/pkg-version "HTTP/1.1 200 OK"
[2025-12-29 15:30:46,992 httpx] INFO: _client : HTTP Request: GET https://api.gradio.app/pkg-version "HTTP/1.1 200 OK"
[2025-12-29 15:30:56,062 httpx] INFO: _client : HTTP Request: GET https://api.gradio.app/pkg-version "HTTP/1.1 200 OK"
[2025-12-29 15:31:03,023 httpx] INFO: _client : HTTP Request: GET https://api.gradio.app/pkg-version "HTTP/1.1 200 OK"
[2025-12-29 15:31:08,097 httpx] INFO: _client : HTTP Request: GET https://api.gradio.app/pkg-version "HTTP/1.1 200 OK"
[2025-12-29 15:31:39,896 httpx] INFO: _client : HTTP Request: GET https://api.gradio.app/pkg-version "HTTP/1.1 200 OK"
[2025-12-29 15:31:47,933 httpx] INFO: _client : HTTP Request: GET https://api.gradio.app/pkg-version "HTTP/1.1 200 OK"
[2025-12-29 15:31:54,330 httpx] INFO: _client : HTTP Request: GET https://api.gradio.app/pkg-version "HTTP/1.1 200 OK"
[2025-12-29 15:32:01,097 httpx] INFO: _client : HTTP Request: GET https://api.gradio.app/pkg-version "HTTP/1.1 200 OK"
[2025-12-29 15:32:23,509 httpx] INFO: _client : HTTP Request: GET https://api.gradio.app/pkg-version "HTTP/1.1 200 OK"
[2025-12-29 15:32:35,188 httpx] INFO: _client : HTTP Request: GET https://api.gradio.app/pkg-version "HTTP/1.1 200 OK"
[2025-12-29 15:32:38,973 httpx] INFO: _client : HTTP Request: GET https://api.gradio.app/pkg-version "HTTP/1.1 200 OK"
[2025-12-29 15:32:42,147 httpx] INFO: _client : HTTP Request: GET https://api.gradio.app/pkg-version "HTTP/1.1 200 OK"
[2025-12-29 15:32:45,307 httpx] INFO: _client : HTTP Request: GET https://api.gradio.app/pkg-version "HTTP/1.1 200 OK"
[2025-12-29 15:32:48,575 httpx] INFO: _client : HTTP Request: GET https://api.gradio.app/pkg-version "HTTP/1.1 200 OK"
[2025-12-29 15:32:57,301 httpx] INFO: _client : HTTP Request: GET https://api.gradio.app/pkg-version "HTTP/1.1 200 OK"
[2025-12-29 15:33:16,108 httpx] INFO: _client : HTTP Request: GET https://api.gradio.app/pkg-version "HTTP/1.1 200 OK"
[2025-12-29 15:33:37,528 httpx] INFO: _client : HTTP Request: GET https://api.gradio.app/pkg-version "HTTP/1.1 200 OK"
[2025-12-29 15:33:56,415 httpx] INFO: _client : HTTP Request: GET https://api.gradio.app/pkg-version "HTTP/1.1 200 OK"
[2025-12-29 15:35:10,762 httpx] INFO: _client : HTTP Request: GET https://api.gradio.app/pkg-version "HTTP/1.1 200 OK"
[2025-12-29 15:35:16,841 httpx] INFO: _client : HTTP Request: GET https://api.gradio.app/pkg-version "HTTP/1.1 200 OK"
[2025-12-29 15:35:21,211 httpx] INFO: _client : HTTP Request: GET https://api.gradio.app/pkg-version "HTTP/1.1 200 OK"
[2025-12-29 15:35:49,027 httpx] INFO: _client : HTTP Request: GET https://api.gradio.app/pkg-version "HTTP/1.1 200 OK"
[2025-12-29 15:35:55,496 httpx] INFO: _client : HTTP Request: GET https://api.gradio.app/pkg-version "HTTP/1.1 200 OK"
[2025-12-29 15:36:25,378 httpx] INFO: _client : HTTP Request: GET https://api.gradio.app/pkg-version "HTTP/1.1 200 OK"
[2025-12-29 15:36:52,514 httpx] INFO: _client : HTTP Request: GET https://api.gradio.app/pkg-version "HTTP/1.1 200 OK"
[2025-12-29 15:36:58,265 httpx] INFO: _client : HTTP Request: GET https://api.gradio.app/pkg-version "HTTP/1.1 200 OK"
[2025-12-29 15:37:06,750 httpx] INFO: _client : HTTP Request: GET https://api.gradio.app/pkg-version "HTTP/1.1 200 OK"
[2025-12-29 15:37:35,974 httpx] INFO: _client : HTTP Request: GET https://api.gradio.app/pkg-version "HTTP/1.1 200 OK"
[2025-12-29 15:37:43,695 httpx] INFO: _client : HTTP Request: GET https://api.gradio.app/pkg-version "HTTP/1.1 200 OK"
[2025-12-29 15:38:09,316 httpx] INFO: _client : HTTP Request: GET https://api.gradio.app/pkg-version "HTTP/1.1 200 OK"
[2025-12-29 15:38:21,150 httpx] INFO: _client : HTTP Request: GET https://api.gradio.app/pkg-version "HTTP/1.1 200 OK"
[2025-12-29 15:38:28,158 httpx] INFO: _client : HTTP Request: GET https://api.gradio.app/pkg-version "HTTP/1.1 200 OK"
[2025-12-29 15:40:45,920 httpx] INFO: _client : HTTP Request: GET https://api.gradio.app/pkg-version "HTTP/1.1 200 OK"
[2025-12-29 15:40:51,825 httpx] INFO: _client : HTTP Request: GET https://api.gradio.app/pkg-version "HTTP/1.1 200 OK"
[2025-12-29 15:41:50,517 httpx] INFO: _client : HTTP Request: GET https://api.gradio.app/pkg-version "HTTP/1.1 200 OK"
[2025-12-29 15:42:50,692 httpx] INFO: _client : HTTP Request: GET https://api.gradio.app/pkg-version "HTTP/1.1 200 OK"
[2025-12-29 15:43:53,589 httpx] INFO: _client : HTTP Request: GET https://api.gradio.app/pkg-version "HTTP/1.1 200 OK"
[2025-12-29 15:43:58,370 httpx] INFO: _client : HTTP Request: GET https://api.gradio.app/pkg-version "HTTP/1.1 200 OK"
[2025-12-29 15:44:08,734 httpx] INFO: _client : HTTP Request: GET https://api.gradio.app/pkg-version "HTTP/1.1 200 OK"
[2025-12-29 15:46:09,904 httpx] INFO: _client : HTTP Request: GET https://api.gradio.app/pkg-version "HTTP/1.1 200 OK"
[2025-12-29 16:08:22,037 httpx] INFO: _client : HTTP Request: GET https://api.gradio.app/pkg-version "HTTP/1.1 200 OK"
[2025-12-29 16:08:25,904 httpx] INFO: _client : HTTP Request: GET https://api.gradio.app/pkg-version "HTTP/1.1 200 OK"
[2025-12-29 16:08:31,227 httpx] INFO: _client : HTTP Request: GET https://api.gradio.app/pkg-version "HTTP/1.1 200 OK"
[2025-12-29 16:08:41,738 httpx] INFO: _client : HTTP Request: GET https://api.gradio.app/pkg-version "HTTP/1.1 200 OK"
[2025-12-29 16:08:46,998 httpx] INFO: _client : HTTP Request: GET https://api.gradio.app/pkg-version "HTTP/1.1 200 OK"
[2025-12-29 16:08:50,363 httpx] INFO: _client : HTTP Request: GET https://api.gradio.app/pkg-version "HTTP/1.1 200 OK"
[2025-12-29 16:09:00,924 httpx] INFO: _client : HTTP Request: GET https://api.gradio.app/pkg-version "HTTP/1.1 200 OK"
[2025-12-29 16:09:04,204 httpx] INFO: _client : HTTP Request: GET https://api.gradio.app/pkg-version "HTTP/1.1 200 OK"
[2025-12-29 16:09:09,534 httpx] INFO: _client : HTTP Request: GET https://api.gradio.app/pkg-version "HTTP/1.1 200 OK"
[2025-12-29 16:09:45,981 httpx] INFO: _client : HTTP Request: GET https://api.gradio.app/pkg-version "HTTP/1.1 200 OK"
[2025-12-29 16:09:50,548 httpx] INFO: _client : HTTP Request: GET https://api.gradio.app/pkg-version "HTTP/1.1 200 OK"
[2025-12-29 16:10:08,471 httpx] INFO: _client : HTTP Request: GET https://api.gradio.app/pkg-version "HTTP/1.1 200 OK"
[2025-12-29 16:10:19,214 httpx] INFO: _client : HTTP Request: GET https://api.gradio.app/pkg-version "HTTP/1.1 200 OK"
[2025-12-29 16:11:04,695 httpx] INFO: _client : HTTP Request: GET https://api.gradio.app/pkg-version "HTTP/1.1 200 OK"
[2025-12-29 17:23:24,774 httpx] INFO: _client : HTTP Request: GET https://api.gradio.app/pkg-version "HTTP/1.1 200 OK"
[2025-12-30 08:01:08,623 httpx] INFO: _client : HTTP Request: GET http://127.0.0.1:7860/gradio_api/startup-events "HTTP/1.1 200 OK"
[2025-12-30 08:01:08,681 httpx] INFO: _client : HTTP Request: HEAD http://127.0.0.1:7860/ "HTTP/1.1 200 OK"
[2025-12-30 08:05:51,537 gradioapp] ERROR: main_gr : Calculation Error: dc_dc_converter() missing 2 required positional arguments: 'ripl_current' and 'ripl_voltage'
[2025-12-30 08:05:58,548 gradioapp] ERROR: main_gr : Calculation Error: dc_dc_converter() missing 2 required positional arguments: 'ripl_current' and 'ripl_voltage'
[2025-12-30 08:06:06,294 gradioapp] ERROR: main_gr : Calculation Error: dc_dc_converter() missing 2 required positional arguments: 'ripl_current' and 'ripl_voltage'
[2025-12-30 12:48:38,301 httpx] INFO: _client : HTTP Request: GET http://127.0.0.1:7860/gradio_api/startup-events "HTTP/1.1 200 OK"
[2025-12-30 12:48:38,337 httpx] INFO: _client : HTTP Request: HEAD http://127.0.0.1:7860/ "HTTP/1.1 200 OK"
[2025-12-30 17:13:35,931 httpx] INFO: _client : HTTP Request: GET http://127.0.0.1:7860/gradio_api/startup-events "HTTP/1.1 200 OK"
[2025-12-30 17:13:35,990 httpx] INFO: _client : HTTP Request: HEAD http://127.0.0.1:7860/ "HTTP/1.1 200 OK"
[2025-12-30 17:13:36,462 httpx] INFO: _client : HTTP Request: GET https://api.gradio.app/pkg-version "HTTP/1.1 200 OK"
[2025-12-30 17:13:36,749 httpx] INFO: _client : HTTP Request: GET https://api.gradio.app/pkg-version "HTTP/1.1 200 OK"
[2025-12-30 17:18:50,540 httpx] INFO: _client : HTTP Request: GET https://api.gradio.app/pkg-version "HTTP/1.1 200 OK"
[2025-12-30 17:19:07,795 httpx] INFO: _client : HTTP Request: GET https://api.gradio.app/pkg-version "HTTP/1.1 200 OK"
[2025-12-30 17:19:40,602 httpx] INFO: _client : HTTP Request: GET https://api.gradio.app/pkg-version "HTTP/1.1 200 OK"
[2025-12-30 17:21:44,008 httpx] INFO: _client : HTTP Request: GET https://api.gradio.app/pkg-version "HTTP/1.1 200 OK"
[2025-12-30 17:22:02,890 httpx] INFO: _client : HTTP Request: GET https://api.gradio.app/pkg-version "HTTP/1.1 200 OK"
[2025-12-30 17:22:15,223 httpx] INFO: _client : HTTP Request: GET https://api.gradio.app/pkg-version "HTTP/1.1 200 OK"
[2025-12-30 17:22:23,874 httpx] INFO: _client : HTTP Request: GET https://api.gradio.app/pkg-version "HTTP/1.1 200 OK"
[2025-12-30 17:22:27,312 httpx] INFO: _client : HTTP Request: GET https://api.gradio.app/pkg-version "HTTP/1.1 200 OK"
[2025-12-30 17:23:39,500 httpx] INFO: _client : HTTP Request: GET https://api.gradio.app/pkg-version "HTTP/1.1 200 OK"
[2025-12-30 17:24:49,610 httpx] INFO: _client : HTTP Request: GET https://api.gradio.app/pkg-version "HTTP/1.1 200 OK"
[2025-12-30 17:24:53,533 httpx] INFO: _client : HTTP Request: GET https://api.gradio.app/pkg-version "HTTP/1.1 200 OK"
[2025-12-30 17:25:05,813 httpx] INFO: _client : HTTP Request: GET https://api.gradio.app/pkg-version "HTTP/1.1 200 OK"
[2025-12-30 17:26:18,126 httpx] INFO: _client : HTTP Request: GET https://api.gradio.app/pkg-version "HTTP/1.1 200 OK"
[2025-12-30 17:26:37,367 httpx] INFO: _client : HTTP Request: GET https://api.gradio.app/pkg-version "HTTP/1.1 200 OK"
[2025-12-30 17:27:59,165 httpx] INFO: _client : HTTP Request: GET https://api.gradio.app/pkg-version "HTTP/1.1 200 OK"
[2025-12-30 17:28:06,678 httpx] INFO: _client : HTTP Request: GET https://api.gradio.app/pkg-version "HTTP/1.1 200 OK"
[2025-12-30 17:29:05,607 httpx] INFO: _client : HTTP Request: GET https://api.gradio.app/pkg-version "HTTP/1.1 200 OK"
[2025-12-30 17:30:21,324 httpx] INFO: _client : HTTP Request: GET https://api.gradio.app/pkg-version "HTTP/1.1 200 OK"
[2025-12-30 17:30:31,284 httpx] INFO: _client : HTTP Request: GET https://api.gradio.app/pkg-version "HTTP/1.1 200 OK"
[2025-12-30 17:30:42,729 httpx] INFO: _client : HTTP Request: GET https://api.gradio.app/pkg-version "HTTP/1.1 200 OK"
[2025-12-30 17:30:50,776 httpx] INFO: _client : HTTP Request: GET https://api.gradio.app/pkg-version "HTTP/1.1 200 OK"
[2025-12-30 17:31:07,081 httpx] INFO: _client : HTTP Request: GET https://api.gradio.app/pkg-version "HTTP/1.1 200 OK"
[2025-12-30 17:31:12,360 httpx] INFO: _client : HTTP Request: GET https://api.gradio.app/pkg-version "HTTP/1.1 200 OK"
[2025-12-30 17:31:24,225 httpx] INFO: _client : HTTP Request: GET https://api.gradio.app/pkg-version "HTTP/1.1 200 OK"
[2025-12-30 17:31:31,793 httpx] INFO: _client : HTTP Request: GET https://api.gradio.app/pkg-version "HTTP/1.1 200 OK"
[2025-12-30 17:31:34,001 httpx] INFO: _client : HTTP Request: GET https://api.gradio.app/pkg-version "HTTP/1.1 200 OK"
[2025-12-30 17:32:04,660 httpx] INFO: _client : HTTP Request: GET https://api.gradio.app/pkg-version "HTTP/1.1 200 OK"
[2025-12-30 17:32:21,059 httpx] INFO: _client : HTTP Request: GET https://api.gradio.app/pkg-version "HTTP/1.1 200 OK"
[2025-12-30 17:32:33,138 httpx] INFO: _client : HTTP Request: GET https://api.gradio.app/pkg-version "HTTP/1.1 200 OK"
[2025-12-30 17:32:45,200 httpx] INFO: _client : HTTP Request: GET https://api.gradio.app/pkg-version "HTTP/1.1 200 OK"
[2025-12-30 17:33:09,227 httpx] INFO: _client : HTTP Request: GET https://api.gradio.app/pkg-version "HTTP/1.1 200 OK"
[2025-12-30 17:33:25,234 httpx] INFO: _client : HTTP Request: GET https://api.gradio.app/pkg-version "HTTP/1.1 200 OK"
[2025-12-30 17:33:31,812 httpx] INFO: _client : HTTP Request: GET https://api.gradio.app/pkg-version "HTTP/1.1 200 OK"
[2025-12-30 17:33:40,446 httpx] INFO: _client : HTTP Request: GET https://api.gradio.app/pkg-version "HTTP/1.1 200 OK"
[2025-12-31 03:35:29,109 httpx] INFO: _client : HTTP Request: GET http://127.0.0.1:7860/gradio_api/startup-events "HTTP/1.1 200 OK"
[2025-12-31 03:35:29,162 httpx] INFO: _client : HTTP Request: HEAD http://127.0.0.1:7860/ "HTTP/1.1 200 OK"
[2025-12-31 03:35:29,626 httpx] INFO: _client : HTTP Request: GET https://api.gradio.app/pkg-version "HTTP/1.1 200 OK"
[2025-12-31 03:35:29,893 httpx] INFO: _client : HTTP Request: GET https://api.gradio.app/pkg-version "HTTP/1.1 200 OK"
[2025-12-31 03:41:08,670 httpx] INFO: _client : HTTP Request: GET https://api.gradio.app/pkg-version "HTTP/1.1 200 OK"
[2025-12-31 03:41:21,365 httpx] INFO: _client : HTTP Request: GET https://api.gradio.app/pkg-version "HTTP/1.1 200 OK"
[2025-12-31 03:46:15,426 httpx] INFO: _client : HTTP Request: GET https://api.gradio.app/pkg-version "HTTP/1.1 200 OK"
[2025-12-31 03:47:52,031 httpx] INFO: _client : HTTP Request: GET https://api.gradio.app/pkg-version "HTTP/1.1 200 OK"
[2025-12-31 03:47:55,306 httpx] INFO: _client : HTTP Request: GET https://api.gradio.app/pkg-version "HTTP/1.1 200 OK"
[2025-12-31 03:49:21,423 httpx] INFO: _client : HTTP Request: GET https://api.gradio.app/pkg-version "HTTP/1.1 200 OK"
[2025-12-31 03:52:15,995 httpx] INFO: _client : HTTP Request: GET https://api.gradio.app/pkg-version "HTTP/1.1 200 OK"
[2025-12-31 03:53:57,292 httpx] INFO: _client : HTTP Request: GET https://api.gradio.app/pkg-version "HTTP/1.1 200 OK"
[2025-12-31 04:02:22,744 httpx] INFO: _client : HTTP Request: GET https://api.gradio.app/pkg-version "HTTP/1.1 200 OK"
[2025-12-31 04:03:54,043 httpx] INFO: _client : HTTP Request: GET https://api.gradio.app/pkg-version "HTTP/1.1 200 OK"
[2025-12-31 04:05:02,541 httpx] INFO: _client : HTTP Request: GET https://api.gradio.app/pkg-version "HTTP/1.1 200 OK"
[2025-12-31 04:05:05,562 httpx] INFO: _client : HTTP Request: GET https://api.gradio.app/pkg-version "HTTP/1.1 200 OK"
[2025-12-31 04:07:24,436 httpx] INFO: _client : HTTP Request: GET https://api.gradio.app/pkg-version "HTTP/1.1 200 OK"
[2025-12-31 04:07:27,665 httpx] INFO: _client : HTTP Request: GET https://api.gradio.app/pkg-version "HTTP/1.1 200 OK"
[2025-12-31 04:08:55,204 httpx] INFO: _client : HTTP Request: GET http://127.0.0.1:7860/gradio_api/startup-events "HTTP/1.1 200 OK"
[2025-12-31 04:08:55,244 httpx] INFO: _client : HTTP Request: HEAD http://127.0.0.1:7860/ "HTTP/1.1 200 OK"
[2025-12-31 04:08:55,659 httpx] INFO: _client : HTTP Request: GET https://api.gradio.app/pkg-version "HTTP/1.1 200 OK"
[2025-12-31 04:08:56,069 httpx] INFO: _client : HTTP Request: GET https://api.gradio.app/pkg-version "HTTP/1.1 200 OK"
[2025-12-31 04:14:13,814 httpx] INFO: _client : HTTP Request: GET https://api.gradio.app/pkg-version "HTTP/1.1 200 OK"
[2025-12-31 04:15:06,449 httpx] INFO: _client : HTTP Request: GET https://api.gradio.app/pkg-version "HTTP/1.1 200 OK"
[2025-12-31 04:15:12,510 httpx] INFO: _client : HTTP Request: GET https://api.gradio.app/pkg-version "HTTP/1.1 200 OK"
[2025-12-31 04:17:40,868 httpx] INFO: _client : HTTP Request: GET https://api.gradio.app/pkg-version "HTTP/1.1 200 OK"
[2025-12-31 04:18:10,262 httpx] INFO: _client : HTTP Request: GET https://api.gradio.app/pkg-version "HTTP/1.1 200 OK"
[2025-12-31 04:18:15,954 httpx] INFO: _client : HTTP Request: GET https://api.gradio.app/pkg-version "HTTP/1.1 200 OK"
[2025-12-31 04:18:18,543 httpx] INFO: _client : HTTP Request: GET https://api.gradio.app/pkg-version "HTTP/1.1 200 OK"
[2025-12-31 04:18:24,077 httpx] INFO: _client : HTTP Request: GET https://api.gradio.app/pkg-version "HTTP/1.1 200 OK"
[2025-12-31 04:18:26,527 httpx] INFO: _client : HTTP Request: GET https://api.gradio.app/pkg-version "HTTP/1.1 200 OK"
[2025-12-31 04:18:31,412 httpx] INFO: _client : HTTP Request: GET https://api.gradio.app/pkg-version "HTTP/1.1 200 OK"
[2025-12-31 04:18:40,180 httpx] INFO: _client : HTTP Request: GET https://api.gradio.app/pkg-version "HTTP/1.1 200 OK"
[2025-12-31 04:18:43,921 httpx] INFO: _client : HTTP Request: GET https://api.gradio.app/pkg-version "HTTP/1.1 200 OK"
[2025-12-31 04:18:47,085 httpx] INFO: _client : HTTP Request: GET https://api.gradio.app/pkg-version "HTTP/1.1 200 OK"
[2025-12-31 04:21:52,329 httpx] INFO: _client : HTTP Request: GET https://api.gradio.app/pkg-version "HTTP/1.1 200 OK"
[2025-12-31 04:21:57,339 httpx] INFO: _client : HTTP Request: GET https://api.gradio.app/pkg-version "HTTP/1.1 200 OK"
[2025-12-31 04:22:55,526 httpx] INFO: _client : HTTP Request: GET https://api.gradio.app/pkg-version "HTTP/1.1 200 OK"
[2026-01-06 11:49:56,349 httpx] INFO: _client : HTTP Request: GET http://127.0.0.1:7860/gradio_api/startup-events "HTTP/1.1 200 OK"
[2026-01-06 11:49:56,386 httpx] INFO: _client : HTTP Request: HEAD http://127.0.0.1:7860/ "HTTP/1.1 200 OK"
[2026-01-08 13:18:33,747 httpx] INFO: _client : HTTP Request: GET http://127.0.0.1:7860/gradio_api/startup-events "HTTP/1.1 200 OK"
[2026-01-08 13:18:33,936 httpx] INFO: _client : HTTP Request: HEAD http://127.0.0.1:7860/ "HTTP/1.1 200 OK"
[2026-01-08 13:18:34,021 httpx] INFO: _client : HTTP Request: GET https://api.gradio.app/pkg-version "HTTP/1.1 200 OK"
[2026-01-08 13:18:34,533 httpx] INFO: _client : HTTP Request: GET https://api.gradio.app/pkg-version "HTTP/1.1 200 OK"
[2026-01-12 09:37:13,224 httpx] INFO: _client : HTTP Request: GET http://127.0.0.1:7860/gradio_api/startup-events "HTTP/1.1 200 OK"
[2026-01-12 09:37:13,262 httpx] INFO: _client : HTTP Request: HEAD http://127.0.0.1:7860/ "HTTP/1.1 200 OK"
[2026-01-12 09:38:06,269 gradioapp] ERROR: main_gr : Error generating PDF: 'float' object has no attribute 'split'
[2026-01-12 09:38:12,598 gradioapp] ERROR: main_gr : Error generating PDF: 'float' object has no attribute 'split'
[2026-01-13 10:22:07,702 httpx] INFO: _client : HTTP Request: GET http://127.0.0.1:7860/gradio_api/startup-events "HTTP/1.1 200 OK"
[2026-01-13 10:22:07,759 httpx] INFO: _client : HTTP Request: HEAD http://127.0.0.1:7860/ "HTTP/1.1 200 OK"
[2026-01-13 10:36:29,427 gradioapp] ERROR: main_gr : Error generating PDF: 'float' object has no attribute 'split'
[2026-01-13 10:36:34,413 gradioapp] ERROR: main_gr : Error generating PDF: 'float' object has no attribute 'split'
[2026-01-13 10:36:35,240 gradioapp] ERROR: main_gr : Error generating PDF: 'float' object has no attribute 'split'
[2026-01-31 11:39:57,300 httpx] INFO: _client : HTTP Request: HEAD https://huggingface.co/api/telemetry/https%3A/api.gradio.app/gradio-initiated-analytics "HTTP/1.1 200 OK"
[2026-01-31 11:39:57,620 httpx] INFO: _client : HTTP Request: HEAD https://huggingface.co/api/telemetry/https%3A/api.gradio.app/gradio-initiated-analytics "HTTP/1.1 200 OK"
[2026-01-31 11:39:57,927 httpx] INFO: _client : HTTP Request: GET http://127.0.0.1:7860/gradio_api/startup-events "HTTP/1.1 200 OK"
[2026-01-31 11:39:57,959 httpx] INFO: _client : HTTP Request: HEAD http://127.0.0.1:7860/ "HTTP/1.1 200 OK"
[2026-01-31 11:39:58,108 httpx] INFO: _client : HTTP Request: GET https://api.gradio.app/pkg-version "HTTP/1.1 200 OK"
[2026-01-31 11:39:58,177 httpx] INFO: _client : HTTP Request: HEAD https://huggingface.co/api/telemetry/https%3A/api.gradio.app/gradio-launched-telemetry "HTTP/1.1 200 OK"
[2026-01-31 11:39:58,718 httpx] INFO: _client : HTTP Request: GET https://api.gradio.app/pkg-version "HTTP/1.1 200 OK"
[2026-01-31 11:56:11,299 httpx] INFO: _client : HTTP Request: GET https://api.gradio.app/pkg-version "HTTP/1.1 200 OK"
[2026-01-31 11:56:14,005 httpx] INFO: _client : HTTP Request: HEAD https://huggingface.co/api/telemetry/https%3A/api.gradio.app/gradio-initiated-analytics "HTTP/1.1 200 OK"
[2026-01-31 11:56:15,520 httpx] INFO: _client : HTTP Request: HEAD https://huggingface.co/api/telemetry/https%3A/api.gradio.app/gradio-initiated-analytics "HTTP/1.1 200 OK"
[2026-01-31 11:56:16,659 httpx] INFO: _client : HTTP Request: GET https://api.gradio.app/pkg-version "HTTP/1.1 200 OK"
[2026-01-31 11:56:27,281 httpx] INFO: _client : HTTP Request: HEAD https://huggingface.co/api/telemetry/https%3A/api.gradio.app/gradio-initiated-analytics "HTTP/1.1 200 OK"
[2026-01-31 11:56:28,405 httpx] INFO: _client : HTTP Request: GET https://api.gradio.app/pkg-version "HTTP/1.1 200 OK"
[2026-01-31 11:56:38,459 httpx] INFO: _client : HTTP Request: HEAD https://huggingface.co/api/telemetry/https%3A/api.gradio.app/gradio-initiated-analytics "HTTP/1.1 200 OK"
[2026-01-31 11:56:39,681 httpx] INFO: _client : HTTP Request: GET https://api.gradio.app/pkg-version "HTTP/1.1 200 OK"
[2026-01-31 12:00:11,960 httpx] INFO: _client : HTTP Request: HEAD https://huggingface.co/api/telemetry/https%3A/api.gradio.app/gradio-initiated-analytics "HTTP/1.1 200 OK"
[2026-01-31 12:00:13,374 httpx] INFO: _client : HTTP Request: GET https://api.gradio.app/pkg-version "HTTP/1.1 200 OK"
[2026-01-31 12:00:15,352 httpx] INFO: _client : HTTP Request: HEAD https://huggingface.co/api/telemetry/https%3A/api.gradio.app/gradio-initiated-analytics "HTTP/1.1 200 OK"
[2026-01-31 12:00:16,375 httpx] INFO: _client : HTTP Request: GET https://api.gradio.app/pkg-version "HTTP/1.1 200 OK"
[2026-01-31 12:01:13,567 httpx] INFO: _client : HTTP Request: HEAD https://huggingface.co/api/telemetry/https%3A/api.gradio.app/gradio-initiated-analytics "HTTP/1.1 200 OK"
[2026-01-31 12:01:14,345 httpx] INFO: _client : HTTP Request: GET https://api.gradio.app/pkg-version "HTTP/1.1 200 OK"
[2026-01-31 12:01:22,665 httpx] INFO: _client : HTTP Request: HEAD https://huggingface.co/api/telemetry/https%3A/api.gradio.app/gradio-initiated-analytics "HTTP/1.1 200 OK"
[2026-01-31 12:01:23,638 httpx] INFO: _client : HTTP Request: GET https://api.gradio.app/pkg-version "HTTP/1.1 200 OK"
[2026-01-31 12:02:07,574 httpx] INFO: _client : HTTP Request: HEAD https://huggingface.co/api/telemetry/https%3A/api.gradio.app/gradio-initiated-analytics "HTTP/1.1 200 OK"
[2026-01-31 12:02:08,001 httpx] INFO: _client : HTTP Request: HEAD https://huggingface.co/api/telemetry/https%3A/api.gradio.app/gradio-initiated-analytics "HTTP/1.1 200 OK"
[2026-01-31 12:02:08,035 httpx] INFO: _client : HTTP Request: GET http://127.0.0.1:7860/gradio_api/startup-events "HTTP/1.1 200 OK"
[2026-01-31 12:02:08,082 httpx] INFO: _client : HTTP Request: HEAD http://127.0.0.1:7860/ "HTTP/1.1 200 OK"
[2026-01-31 12:02:08,386 httpx] INFO: _client : HTTP Request: GET https://api.gradio.app/pkg-version "HTTP/1.1 200 OK"
[2026-01-31 12:02:08,387 httpx] INFO: _client : HTTP Request: HEAD https://huggingface.co/api/telemetry/https%3A/api.gradio.app/gradio-launched-telemetry "HTTP/1.1 200 OK"
[2026-01-31 12:02:08,973 httpx] INFO: _client : HTTP Request: GET https://api.gradio.app/pkg-version "HTTP/1.1 200 OK"
[2026-01-31 12:15:19,663 httpx] INFO: _client : HTTP Request: HEAD https://huggingface.co/api/telemetry/https%3A/api.gradio.app/gradio-initiated-analytics "HTTP/1.1 200 OK"
[2026-01-31 12:15:19,983 httpx] INFO: _client : HTTP Request: HEAD https://huggingface.co/api/telemetry/https%3A/api.gradio.app/gradio-initiated-analytics "HTTP/1.1 200 OK"
[2026-01-31 12:15:20,338 httpx] INFO: _client : HTTP Request: GET http://127.0.0.1:7860/gradio_api/startup-events "HTTP/1.1 200 OK"
[2026-01-31 12:15:20,407 httpx] INFO: _client : HTTP Request: HEAD http://127.0.0.1:7860/ "HTTP/1.1 200 OK"
[2026-01-31 12:15:20,572 httpx] INFO: _client : HTTP Request: GET https://api.gradio.app/pkg-version "HTTP/1.1 200 OK"
[2026-01-31 12:15:20,626 httpx] INFO: _client : HTTP Request: HEAD https://huggingface.co/api/telemetry/https%3A/api.gradio.app/gradio-launched-telemetry "HTTP/1.1 200 OK"
[2026-01-31 12:15:21,186 httpx] INFO: _client : HTTP Request: GET https://api.gradio.app/pkg-version "HTTP/1.1 200 OK"
[2026-01-31 12:18:36,911 httpx] INFO: _client : HTTP Request: HEAD https://huggingface.co/api/telemetry/https%3A/api.gradio.app/gradio-initiated-analytics "HTTP/1.1 200 OK"
[2026-01-31 12:18:38,003 httpx] INFO: _client : HTTP Request: GET https://api.gradio.app/pkg-version "HTTP/1.1 200 OK"
[2026-01-31 12:18:49,921 httpx] INFO: _client : HTTP Request: HEAD https://huggingface.co/api/telemetry/https%3A/api.gradio.app/gradio-initiated-analytics "HTTP/1.1 200 OK"
[2026-01-31 12:18:50,989 httpx] INFO: _client : HTTP Request: GET https://api.gradio.app/pkg-version "HTTP/1.1 200 OK"
[2026-01-31 12:18:57,777 httpx] INFO: _client : HTTP Request: HEAD https://huggingface.co/api/telemetry/https%3A/api.gradio.app/gradio-initiated-analytics "HTTP/1.1 200 OK"
[2026-01-31 12:18:58,740 httpx] INFO: _client : HTTP Request: GET https://api.gradio.app/pkg-version "HTTP/1.1 200 OK"
[2026-01-31 12:19:00,507 httpx] INFO: _client : HTTP Request: HEAD https://huggingface.co/api/telemetry/https%3A/api.gradio.app/gradio-initiated-analytics "HTTP/1.1 200 OK"
[2026-01-31 12:19:01,862 httpx] INFO: _client : HTTP Request: GET https://api.gradio.app/pkg-version "HTTP/1.1 200 OK"
[2026-01-31 12:28:40,849 httpx] INFO: _client : HTTP Request: HEAD https://huggingface.co/api/telemetry/https%3A/api.gradio.app/gradio-initiated-analytics "HTTP/1.1 200 OK"
[2026-01-31 12:28:41,166 httpx] INFO: _client : HTTP Request: HEAD https://huggingface.co/api/telemetry/https%3A/api.gradio.app/gradio-initiated-analytics "HTTP/1.1 200 OK"
[2026-01-31 12:28:41,355 httpx] INFO: _client : HTTP Request: GET http://127.0.0.1:7860/gradio_api/startup-events "HTTP/1.1 200 OK"
[2026-01-31 12:28:41,386 httpx] INFO: _client : HTTP Request: HEAD http://127.0.0.1:7860/ "HTTP/1.1 200 OK"
[2026-01-31 12:28:41,658 httpx] INFO: _client : HTTP Request: HEAD https://huggingface.co/api/telemetry/https%3A/api.gradio.app/gradio-launched-telemetry "HTTP/1.1 200 OK"
[2026-01-31 12:28:41,726 httpx] INFO: _client : HTTP Request: GET https://api.gradio.app/pkg-version "HTTP/1.1 200 OK"
[2026-01-31 12:28:42,270 httpx] INFO: _client : HTTP Request: GET https://api.gradio.app/pkg-version "HTTP/1.1 200 OK"
[2026-01-31 12:37:11,230 httpx] INFO: _client : HTTP Request: HEAD https://huggingface.co/api/telemetry/https%3A/api.gradio.app/gradio-initiated-analytics "HTTP/1.1 200 OK"
[2026-01-31 12:37:11,322 httpx] INFO: _client : HTTP Request: GET http://127.0.0.1:7860/gradio_api/startup-events "HTTP/1.1 200 OK"
[2026-01-31 12:37:11,360 httpx] INFO: _client : HTTP Request: HEAD http://127.0.0.1:7860/ "HTTP/1.1 200 OK"
[2026-01-31 12:37:11,582 httpx] INFO: _client : HTTP Request: HEAD https://huggingface.co/api/telemetry/https%3A/api.gradio.app/gradio-launched-telemetry "HTTP/1.1 200 OK"
[2026-01-31 12:37:11,819 httpx] INFO: _client : HTTP Request: GET https://api.gradio.app/pkg-version "HTTP/1.1 200 OK"
[2026-01-31 12:37:12,125 httpx] INFO: _client : HTTP Request: GET https://api.gradio.app/pkg-version "HTTP/1.1 200 OK"
[2026-01-31 12:37:14,890 httpx] INFO: _client : HTTP Request: HEAD https://huggingface.co/api/telemetry/https%3A/api.gradio.app/gradio-initiated-analytics "HTTP/1.1 200 OK"
